###############################################################################
#                                                                             #
# IAR C/C++ Compiler V8.10.1.40194/W32 for 8051         03/Mar/2020  14:25:52 #
# Copyright 2004-2011 IAR Systems AB.                                         #
#                                                                             #
#    Core               =  plain                                              #
#    Code model         =  banked                                             #
#    Data model         =  large                                              #
#    Calling convention =  xdata reentrant                                    #
#    Constant location  =  data_rom                                           #
#    Dptr setup         =  1,16                                               #
#    Source file        =  C:\Texas Instruments\ZStack-CC2530-2.5.1a\Projects #
#                          \zstack\Samples\Diplomaproject\Source\adc.c        #
#    Command line       =  -f "C:\Texas Instruments\ZStack-CC2530-2.5.1a\Proj #
#                          ects\zstack\Samples\Diplomaproject\CC2530DB\..\..\ #
#                          ..\Tools\CC2530DB\f8wEndev.cfg" (-DCPU32MHZ        #
#                          -DROOT=__near_func -DMAC_CFG_TX_DATA_MAX=3         #
#                          -DMAC_CFG_TX_MAX=6 -DMAC_CFG_RX_MAX=3) -f          #
#                          "C:\Texas Instruments\ZStack-CC2530-2.5.1a\Project #
#                          s\zstack\Samples\Diplomaproject\CC2530DB\..\..\..\ #
#                          Tools\CC2530DB\f8wConfig.cfg" (-DZIGBEEPRO         #
#                          -DSECURE=0 -DZG_SECURE_DYNAMIC=0 -DREFLECTOR       #
#                          -DDEFAULT_CHANLIST=0x00000800                      #
#                          -DZDAPP_CONFIG_PAN_ID=0xFFFF                       #
#                          -DNWK_START_DELAY=100 -DEXTENDED_JOINING_RANDOM_MA #
#                          SK=0x007F -DBEACON_REQUEST_DELAY=100               #
#                          -DBEACON_REQ_DELAY_MASK=0x00FF                     #
#                          -DLINK_STATUS_JITTER_MASK=0x007F                   #
#                          -DROUTE_EXPIRY_TIME=30 -DAPSC_ACK_WAIT_DURATION_PO #
#                          LLED=3000 -DNWK_INDIRECT_MSG_TIMEOUT=7             #
#                          -DMAX_RREQ_ENTRIES=8 -DAPSC_MAX_FRAME_RETRIES=3    #
#                          -DNWK_MAX_DATA_RETRIES=2                           #
#                          -DMAX_POLL_FAILURE_RETRIES=2 -DMAX_BCAST=9         #
#                          -DAPS_MAX_GROUPS=16 -DMAX_RTG_ENTRIES=40           #
#                          -DNWK_MAX_BINDING_ENTRIES=4                        #
#                          -DMAX_BINDING_CLUSTER_IDS=4 "-DDEFAULT_KEY={0x01,  #
#                          0x03, 0x05, 0x07, 0x09, 0x0B, 0x0D, 0x0F, 0x00,    #
#                          0x02, 0x04, 0x06, 0x08, 0x0A, 0x0C, 0x0D}"         #
#                          -DMAC_MAX_FRAME_SIZE=116                           #
#                          -DZDNWKMGR_MIN_TRANSMISSIONS=20 "-DCONST=const     #
#                          __code" -DGENERIC=__generic                        #
#                          -DRFD_RCVC_ALWAYS_ON=FALSE -DPOLL_RATE=1000        #
#                          -DQUEUED_POLL_RATE=100 -DRESPONSE_POLL_RATE=100)   #
#                          -DREJOIN_POLL_RATE=440 "C:\Texas                   #
#                          Instruments\ZStack-CC2530-2.5.1a\Projects\zstack\S #
#                          amples\Diplomaproject\Source\adc.c" -D             #
#                          NWK_AUTO_POLL -D ZTOOL_P1 -D                       #
#                          RFD_RCVC_ALWAYS_ON=TRUE -D xMT_TASK -D             #
#                          xMT_SYS_FUNC -D MT_ZDO_FUNC -D                     #
#                          xLCD_SUPPORTED=DEBUG -D xPOWER_SAVING -lC          #
#                          "C:\Texas Instruments\ZStack-CC2530-2.5.1a\Project #
#                          s\zstack\Samples\Diplomaproject\CC2530DB\LedDevice #
#                          \List\" -lA "C:\Texas Instruments\ZStack-CC2530-2. #
#                          5.1a\Projects\zstack\Samples\Diplomaproject\CC2530 #
#                          DB\LedDevice\List\" --diag_suppress Pe001,Pa010    #
#                          -o "C:\Texas Instruments\ZStack-CC2530-2.5.1a\Proj #
#                          ects\zstack\Samples\Diplomaproject\CC2530DB\LedDev #
#                          ice\Obj\" -e --no_code_motion --debug              #
#                          --core=plain --dptr=16,1 --data_model=large        #
#                          --code_model=banked --calling_convention=xdata_ree #
#                          ntrant --place_constants=data_rom                  #
#                          --nr_virtual_regs 16 -I "C:\Texas                  #
#                          Instruments\ZStack-CC2530-2.5.1a\Projects\zstack\S #
#                          amples\Diplomaproject\CC2530DB\" -I "C:\Texas      #
#                          Instruments\ZStack-CC2530-2.5.1a\Projects\zstack\S #
#                          amples\Diplomaproject\CC2530DB\..\Source\" -I      #
#                          "C:\Texas Instruments\ZStack-CC2530-2.5.1a\Project #
#                          s\zstack\Samples\Diplomaproject\CC2530DB\..\..\..\ #
#                          ZMain\TI2530DB\" -I "C:\Texas                      #
#                          Instruments\ZStack-CC2530-2.5.1a\Projects\zstack\S #
#                          amples\Diplomaproject\CC2530DB\..\..\..\..\..\Comp #
#                          onents\hal\include\" -I "C:\Texas                  #
#                          Instruments\ZStack-CC2530-2.5.1a\Projects\zstack\S #
#                          amples\Diplomaproject\CC2530DB\..\..\..\..\..\Comp #
#                          onents\hal\target\CC2530EB\" -I "C:\Texas          #
#                          Instruments\ZStack-CC2530-2.5.1a\Projects\zstack\S #
#                          amples\Diplomaproject\CC2530DB\..\..\..\..\..\Comp #
#                          onents\mac\include\" -I "C:\Texas                  #
#                          Instruments\ZStack-CC2530-2.5.1a\Projects\zstack\S #
#                          amples\Diplomaproject\CC2530DB\..\..\..\..\..\Comp #
#                          onents\mac\high_level\" -I "C:\Texas               #
#                          Instruments\ZStack-CC2530-2.5.1a\Projects\zstack\S #
#                          amples\Diplomaproject\CC2530DB\..\..\..\..\..\Comp #
#                          onents\mac\low_level\srf04\" -I "C:\Texas          #
#                          Instruments\ZStack-CC2530-2.5.1a\Projects\zstack\S #
#                          amples\Diplomaproject\CC2530DB\..\..\..\..\..\Comp #
#                          onents\mac\low_level\srf04\single_chip\" -I        #
#                          "C:\Texas Instruments\ZStack-CC2530-2.5.1a\Project #
#                          s\zstack\Samples\Diplomaproject\CC2530DB\..\..\..\ #
#                          ..\..\Components\mt\" -I "C:\Texas                 #
#                          Instruments\ZStack-CC2530-2.5.1a\Projects\zstack\S #
#                          amples\Diplomaproject\CC2530DB\..\..\..\..\..\Comp #
#                          onents\osal\include\" -I "C:\Texas                 #
#                          Instruments\ZStack-CC2530-2.5.1a\Projects\zstack\S #
#                          amples\Diplomaproject\CC2530DB\..\..\..\..\..\Comp #
#                          onents\services\saddr\" -I "C:\Texas               #
#                          Instruments\ZStack-CC2530-2.5.1a\Projects\zstack\S #
#                          amples\Diplomaproject\CC2530DB\..\..\..\..\..\Comp #
#                          onents\services\sdata\" -I "C:\Texas               #
#                          Instruments\ZStack-CC2530-2.5.1a\Projects\zstack\S #
#                          amples\Diplomaproject\CC2530DB\..\..\..\..\..\Comp #
#                          onents\stack\af\" -I "C:\Texas                     #
#                          Instruments\ZStack-CC2530-2.5.1a\Projects\zstack\S #
#                          amples\Diplomaproject\CC2530DB\..\..\..\..\..\Comp #
#                          onents\stack\nwk\" -I "C:\Texas                    #
#                          Instruments\ZStack-CC2530-2.5.1a\Projects\zstack\S #
#                          amples\Diplomaproject\CC2530DB\..\..\..\..\..\Comp #
#                          onents\stack\sapi\" -I "C:\Texas                   #
#                          Instruments\ZStack-CC2530-2.5.1a\Projects\zstack\S #
#                          amples\Diplomaproject\CC2530DB\..\..\..\..\..\Comp #
#                          onents\stack\sec\" -I "C:\Texas                    #
#                          Instruments\ZStack-CC2530-2.5.1a\Projects\zstack\S #
#                          amples\Diplomaproject\CC2530DB\..\..\..\..\..\Comp #
#                          onents\stack\sys\" -I "C:\Texas                    #
#                          Instruments\ZStack-CC2530-2.5.1a\Projects\zstack\S #
#                          amples\Diplomaproject\CC2530DB\..\..\..\..\..\Comp #
#                          onents\stack\zdo\" -I "C:\Texas                    #
#                          Instruments\ZStack-CC2530-2.5.1a\Projects\zstack\S #
#                          amples\Diplomaproject\CC2530DB\..\..\..\..\..\Comp #
#                          onents\zmac\" -I "C:\Texas                         #
#                          Instruments\ZStack-CC2530-2.5.1a\Projects\zstack\S #
#                          amples\Diplomaproject\CC2530DB\..\..\..\..\..\Comp #
#                          onents\zmac\f8w\" -Ohz                             #
#    List file          =  C:\Texas Instruments\ZStack-CC2530-2.5.1a\Projects #
#                          \zstack\Samples\Diplomaproject\CC2530DB\LedDevice\ #
#                          List\adc.lst                                       #
#    Object file        =  C:\Texas Instruments\ZStack-CC2530-2.5.1a\Projects #
#                          \zstack\Samples\Diplomaproject\CC2530DB\LedDevice\ #
#                          Obj\adc.r51                                        #
#                                                                             #
#                                                                             #
###############################################################################

C:\Texas Instruments\ZStack-CC2530-2.5.1a\Projects\zstack\Samples\Diplomaproject\Source\adc.c
      1          #include "adc.h"
      2          #include "OnBoard.h"

   \                                 In  segment SFR_AN, at 0x88
   \   union <unnamed> volatile __sfr _A_TCON
   \                     _A_TCON:
   \   000000                DS 1

   \                                 In  segment SFR_AN, at 0xb6
   \   unsigned char volatile __sfr ADCCON3
   \                     ADCCON3:
   \   000000                DS 1

   \                                 In  segment SFR_AN, at 0xba
   \   unsigned char volatile __sfr ADCL
   \                     ADCL:
   \   000000                DS 1

   \                                 In  segment SFR_AN, at 0xbb
   \   unsigned char volatile __sfr ADCH
   \                     ADCH:
   \   000000                DS 1

   \                                 In  segment SFR_AN, at 0xf2
   \   unsigned char volatile __sfr APCFG
   \                     APCFG:
   \   000000                DS 1
      3          #include "ioCC2530.h"
      4          #include <stdio.h>
      5          #define ADC_CHNN  0x05  //选用通道5
      6          #define uchar unsigned char 
      7          #define uint unsigned int
      8          static uint16 readAdc(uint8 channal);
      9          void Get_ADCValue(unsigned int *AvgValue);
     10          /********************************************************
     11          * @brief   读取ADC的值
     12          ********************************************************/
     13          static uint16 readAdc(uint8 channal)
     14          {
     15            uint16 value ; 
     16            APCFG |= 1 << channal ; // 模拟信号设置
     17            ADCIF = 0 ;
     18            
     19            ADCCON3 = channal;          
     20            while ( !ADCIF ) ;  //等待转换完成
     21            
     22            value = ADCL ;
     23            value |= ((uint16) ADCH) << 8 ;
     24            
     25            return value; 
     26          }

   \                                 In  segment BANKED_CODE, align 1, keep-with-next
     27          void Get_ADCValue(unsigned int *AvgValue)
   \                     Get_ADCValue:
     28          {
   \   000000   74F6         MOV     A,#-0xa
   \   000002   12....       LCALL   ?BANKED_ENTER_XDATA
   \   000005                ; Saved register size: 10
   \   000005                ; Auto size: 0
     29            char i;
     30            uint16 avgValue;
     31            for (i = 0 ; i < 64 ; i++)
   \   000005   7E40         MOV     R6,#0x40
     32            {
     33              avgValue += readAdc(ADC_CHNN);             
     34              avgValue >>= 1;
   \                     ??Get_ADCValue_0:
   \   000007   43F220       ORL     0xf2,#0x20
   \   00000A   C28D         CLR     0x88.5
   \   00000C   75B605       MOV     0xb6,#0x5
   \                     ??Get_ADCValue_1:
   \   00000F   A28D         MOV     C,0x88.5
   \   000011   50FC         JNC     ??Get_ADCValue_1
   \   000013   E5BA         MOV     A,0xba
   \   000015   F5..         MOV     ?V0 + 0,A
   \   000017   E5BB         MOV     A,0xbb
   \   000019   FD           MOV     R5,A
   \   00001A   AC..         MOV     R4,?V0 + 0
   \   00001C   E8           MOV     A,R0
   \   00001D   2C           ADD     A,R4
   \   00001E   F8           MOV     R0,A
   \   00001F   E9           MOV     A,R1
   \   000020   3D           ADDC    A,R5
   \   000021   C3           CLR     C
   \   000022   13           RRC     A
   \   000023   F9           MOV     R1,A
   \   000024   E8           MOV     A,R0
   \   000025   13           RRC     A
   \   000026   F8           MOV     R0,A
     35            }
   \   000027   1E           DEC     R6
   \   000028   EE           MOV     A,R6
   \   000029   70DC         JNZ     ??Get_ADCValue_0
     36            *AvgValue = avgValue;
   \   00002B   8A82         MOV     DPL,R2
   \   00002D   8B83         MOV     DPH,R3
   \   00002F   E8           MOV     A,R0
   \   000030   F0           MOVX    @DPTR,A
   \   000031   A3           INC     DPTR
   \   000032   E9           MOV     A,R1
   \   000033   F0           MOVX    @DPTR,A
     37          }
   \   000034   7F02         MOV     R7,#0x2
   \   000036   02....       LJMP    ?BANKED_LEAVE_XDATA
   \   000039                REQUIRE APCFG
   \   000039                REQUIRE _A_TCON
   \   000039                REQUIRE ADCCON3
   \   000039                REQUIRE ADCL
   \   000039                REQUIRE ADCH

   \                                 In  segment BANK_RELAYS, align 1
   \                     ??Get_ADCValue?relay:
   \   000000   12....       LCALL   ?BDISPATCH
   \   000003   ......       DC24    Get_ADCValue
     38          
     39          
     40          

   Maximum stack usage in bytes:

     Function     ISTACK PSTACK XSTACK
     --------     ------ ------ ------
     Get_ADCValue     0      0     10


   Segment part sizes:

     Function/Label       Bytes
     --------------       -----
     _A_TCON                 1
     ADCCON3                 1
     ADCL                    1
     ADCH                    1
     APCFG                   1
     Get_ADCValue           57
     ??Get_ADCValue?relay    6

 
 57 bytes in segment BANKED_CODE
  6 bytes in segment BANK_RELAYS
  5 bytes in segment SFR_AN
 
 63 bytes of CODE memory
  0 bytes of DATA memory (+ 5 bytes shared)

Errors: none
Warnings: none
